<?xml version="1.0" encoding="UTF-8"?>
<!-- Generated by org.testng.reporters.JUnitXMLReporter -->
<testsuite ignored="0" hostname="HD-Desktop" failures="0" tests="3" name="BookStoreTests" time="31.651" errors="0" timestamp="2025-05-12T16:34:54 AEST">
  <testcase classname="testscripts.MiniBookStoreTest" name="searchAnyBookTest" time="0.338"/>
  <testcase classname="testscripts.MiniBookStoreTest" name="searchInvalidBook" time="0.217"/>
  <testcase classname="testscripts.MiniBookStoreTest" name="searchSpecificBookTest" time="0.348"/>
</testsuite> <!-- BookStoreTests -->
