<?xml version="1.0" encoding="UTF-8"?>
<!-- Generated by org.testng.reporters.JUnitXMLReporter -->
<testsuite ignored="2" hostname="HD-Desktop" failures="0" tests="1" name="Default test" time="11.859" errors="0" timestamp="2025-05-12T16:32:35 AEST">
  <testcase classname="testscripts.MiniBookStoreTest" name="searchAnyBookTest" time="0.324"/>
  <testcase classname="testscripts.MiniBookStoreTest" name="searchInvalidBook" time="0.0">
    <ignored/>
  </testcase> <!-- searchInvalidBook -->
  <testcase classname="testscripts.MiniBookStoreTest" name="searchSpecificBookTest" time="0.0">
    <ignored/>
  </testcase> <!-- searchSpecificBookTest -->
</testsuite> <!-- Default test -->
